-------------------------------------------------------------------------------
Test set: pl.wsb.fitnesstracker.training.TrainingApiIntegrationTest
-------------------------------------------------------------------------------
Tests run: 6, Failures: 6, Errors: 0, Skipped: 0, Time elapsed: 2.985 s <<< FAILURE! -- in pl.wsb.fitnesstracker.training.TrainingApiIntegrationTest
pl.wsb.fitnesstracker.training.TrainingApiIntegrationTest.shouldReturnAllTrainings_whenGettingAllTrainings -- Time elapsed: 0.262 s <<< FAILURE!
java.lang.AssertionError: Status expected:<200> but was:<404>
	at org.springframework.test.util.AssertionErrors.fail(AssertionErrors.java:59)
	at org.springframework.test.util.AssertionErrors.assertEquals(AssertionErrors.java:122)
	at org.springframework.test.web.servlet.result.StatusResultMatchers.lambda$matcher$9(StatusResultMatchers.java:637)
	at org.springframework.test.web.servlet.MockMvc$1.andExpect(MockMvc.java:214)
	at pl.wsb.fitnesstracker.training.TrainingApiIntegrationTest.shouldReturnAllTrainings_whenGettingAllTrainings(TrainingApiIntegrationTest.java:81)
	at java.base/java.lang.reflect.Method.invoke(Method.java:569)
	at java.base/java.util.ArrayList.forEach(ArrayList.java:1511)
	at java.base/java.util.ArrayList.forEach(ArrayList.java:1511)

pl.wsb.fitnesstracker.training.TrainingApiIntegrationTest.shouldPersistTraining_whenCreatingNewTraining -- Time elapsed: 0.018 s <<< FAILURE!
java.lang.AssertionError: Status expected:<201> but was:<404>
	at org.springframework.test.util.AssertionErrors.fail(AssertionErrors.java:59)
	at org.springframework.test.util.AssertionErrors.assertEquals(AssertionErrors.java:122)
	at org.springframework.test.web.servlet.result.StatusResultMatchers.lambda$matcher$9(StatusResultMatchers.java:637)
	at org.springframework.test.web.servlet.MockMvc$1.andExpect(MockMvc.java:214)
	at pl.wsb.fitnesstracker.training.TrainingApiIntegrationTest.shouldPersistTraining_whenCreatingNewTraining(TrainingApiIntegrationTest.java:187)
	at java.base/java.lang.reflect.Method.invoke(Method.java:569)
	at java.base/java.util.ArrayList.forEach(ArrayList.java:1511)
	at java.base/java.util.ArrayList.forEach(ArrayList.java:1511)

pl.wsb.fitnesstracker.training.TrainingApiIntegrationTest.shouldReturnAllFinishedTrainingsAfterTime_whenGettingAllFinishedTrainingsAfterTime -- Time elapsed: 0.022 s <<< FAILURE!
java.lang.AssertionError: Status expected:<200> but was:<404>
	at org.springframework.test.util.AssertionErrors.fail(AssertionErrors.java:59)
	at org.springframework.test.util.AssertionErrors.assertEquals(AssertionErrors.java:122)
	at org.springframework.test.web.servlet.result.StatusResultMatchers.lambda$matcher$9(StatusResultMatchers.java:637)
	at org.springframework.test.web.servlet.MockMvc$1.andExpect(MockMvc.java:214)
	at pl.wsb.fitnesstracker.training.TrainingApiIntegrationTest.shouldReturnAllFinishedTrainingsAfterTime_whenGettingAllFinishedTrainingsAfterTime(TrainingApiIntegrationTest.java:131)
	at java.base/java.lang.reflect.Method.invoke(Method.java:569)
	at java.base/java.util.ArrayList.forEach(ArrayList.java:1511)
	at java.base/java.util.ArrayList.forEach(ArrayList.java:1511)

pl.wsb.fitnesstracker.training.TrainingApiIntegrationTest.getAllTrainingByActivityType_whenGettingAllTrainingByActivityType -- Time elapsed: 0.022 s <<< FAILURE!
java.lang.AssertionError: Status expected:<200> but was:<404>
	at org.springframework.test.util.AssertionErrors.fail(AssertionErrors.java:59)
	at org.springframework.test.util.AssertionErrors.assertEquals(AssertionErrors.java:122)
	at org.springframework.test.web.servlet.result.StatusResultMatchers.lambda$matcher$9(StatusResultMatchers.java:637)
	at org.springframework.test.web.servlet.MockMvc$1.andExpect(MockMvc.java:214)
	at pl.wsb.fitnesstracker.training.TrainingApiIntegrationTest.getAllTrainingByActivityType_whenGettingAllTrainingByActivityType(TrainingApiIntegrationTest.java:154)
	at java.base/java.lang.reflect.Method.invoke(Method.java:569)
	at java.base/java.util.ArrayList.forEach(ArrayList.java:1511)
	at java.base/java.util.ArrayList.forEach(ArrayList.java:1511)

pl.wsb.fitnesstracker.training.TrainingApiIntegrationTest.shouldUpdateTraining_whenUpdatingTraining -- Time elapsed: 0.015 s <<< FAILURE!
java.lang.AssertionError: Status expected:<200> but was:<404>
	at org.springframework.test.util.AssertionErrors.fail(AssertionErrors.java:59)
	at org.springframework.test.util.AssertionErrors.assertEquals(AssertionErrors.java:122)
	at org.springframework.test.web.servlet.result.StatusResultMatchers.lambda$matcher$9(StatusResultMatchers.java:637)
	at org.springframework.test.web.servlet.MockMvc$1.andExpect(MockMvc.java:214)
	at pl.wsb.fitnesstracker.training.TrainingApiIntegrationTest.shouldUpdateTraining_whenUpdatingTraining(TrainingApiIntegrationTest.java:214)
	at java.base/java.lang.reflect.Method.invoke(Method.java:569)
	at java.base/java.util.ArrayList.forEach(ArrayList.java:1511)
	at java.base/java.util.ArrayList.forEach(ArrayList.java:1511)

pl.wsb.fitnesstracker.training.TrainingApiIntegrationTest.shouldReturnAllTrainingsForDedicatedUser_whenGettingAllTrainingsForDedicatedUser -- Time elapsed: 0.014 s <<< FAILURE!
java.lang.AssertionError: Status expected:<200> but was:<404>
	at org.springframework.test.util.AssertionErrors.fail(AssertionErrors.java:59)
	at org.springframework.test.util.AssertionErrors.assertEquals(AssertionErrors.java:122)
	at org.springframework.test.web.servlet.result.StatusResultMatchers.lambda$matcher$9(StatusResultMatchers.java:637)
	at org.springframework.test.web.servlet.MockMvc$1.andExpect(MockMvc.java:214)
	at pl.wsb.fitnesstracker.training.TrainingApiIntegrationTest.shouldReturnAllTrainingsForDedicatedUser_whenGettingAllTrainingsForDedicatedUser(TrainingApiIntegrationTest.java:106)
	at java.base/java.lang.reflect.Method.invoke(Method.java:569)
	at java.base/java.util.ArrayList.forEach(ArrayList.java:1511)
	at java.base/java.util.ArrayList.forEach(ArrayList.java:1511)

